make.exe all --print-data-base --no-builtin-variables --no-builtin-rules --question
Makefile:2: *** missing separator.  Stop.

# GNU Make 4.3
# Built for Windows32
# Copyright (C) 1988-2020 Free Software Foundation, Inc.
# License GPLv3+: GNU GPL version 3 or later <http://gnu.org/licenses/gpl.html>
# This is free software: you are free to change and redistribute it.
# There is NO WARRANTY, to the extent permitted by law.

# Make data base, printed on Wed May 18 22:26:05 2022

# Variables

# environment
SYSTEMDRIVE = C:
# environment
JAVA_HOME = C:\Users\thomi\scoop\apps\openjdk17\current
# environment
LC_ALL = C
# environment
USERPROFILE = C:\Users\thomi
# environment
TMPDIR = C:\Windows\TEMP
# environment
C_INCLUDE_PATH = C:\Users\thomi\scoop\apps\gcc\current\include
# environment
LOCALAPPDATA = C:\Users\thomi\AppData\Local
# environment
VSCODE_IPC_HOOK_EXTHOST = \\.\pipe\vscode-ipc-59c0a7f0-6000-4226-9934-e24aee1667ff-sock
# environment
WSLENV = WT_SESSION::WT_PROFILE_ID
# environment
VSCODE_CWD = G:\all-project\theia
# environment
SYSTEMROOT = C:\Windows
# environment
PROCESSOR_LEVEL = 6
# environment
PSMODULEPATH = C:\Users\thomi\OneDrive\Dokumen\PowerShell\Modules;C:\Program Files\PowerShell\Modules;c:\program files\powershell\7\Modules;C:\Users\thomi\scoop\modules;C:\Users\thomi\Documents\WindowsPowerShell\Modules;C:\Program Files\WindowsPowerShell\Modules;C:\Windows\system32\WindowsPowerShell\v1.0\Modules
# default
MAKE_COMMAND := C:/Users/thomi/scoop/apps/make/current/bin/make.exe
# automatic
@D = $(patsubst %/,%,$(patsubst %\,%,$(dir $@)))
# environment
CHROME_CRASHPAD_PIPE_NAME = \\.\pipe\crashpad_7500_BHLQMRQTPYGJCZGT
# environment
ONEDRIVECOMMERCIAL = G:\OneDrive\OneDrive - Office 365 Original
# environment
VSCODE_HANDLES_UNCAUGHT_ERRORS = true
# default
.VARIABLES := 
# automatic
%D = $(patsubst %/,%,$(patsubst %\,%,$(dir $%)))
# automatic
^D = $(patsubst %/,%,$(patsubst %\,%,$(dir $^)))
# environment
VSCODE_LOG_STACK = false
# automatic
%F = $(notdir $%)
# environment
GIT_INSTALL_ROOT = C:\Users\thomi\scoop\apps\git\current
# environment
CONDA_PROMPT_MODIFIER = False
# environment
VSCODE_CODE_CACHE_PATH = C:\Users\thomi\scoop\apps\vscode\1.67.1\data\user-data\CachedData\da15b6fd3ef856477bf6f4fb29ba1b7af717770d
# environment
LANG = C
# environment
AZ_ENABLED = False
# default
.LOADED := 
# environment
TMP = C:\Users\thomi\AppData\Local\Temp
# default
.INCLUDE_DIRS = .
# environment
PROCESSOR_ARCHITEW6432 = AMD64
# makefile
MAKEFLAGS = pqrR
# environment
INTEL_DEV_REDIST = C:\Program Files (x86)\Common Files\Intel\Shared Libraries\
# environment
ONEDRIVE = G:\OneDrive\OneDrive - Office 365 Original
# environment
POWERSHELL_DISTRIBUTION_CHANNEL = MSI:Windows 10 Pro
# makefile
CURDIR := g:/all-project/theia
# environment
VSCODE_PIPE_LOGGING = true
# environment
APPLICATION_INSIGHTS_NO_DIAGNOSTIC_CHANNEL = true
# environment
POWERLINE_COMMAND = oh-my-posh
# automatic
*D = $(patsubst %/,%,$(patsubst %\,%,$(dir $*)))
# environment
PROGRAMFILES = C:\Program Files (x86)
# environment
MFLAGS = -pqrR
# default
.SHELLFLAGS := -c
# environment
COMMONPROGRAMW6432 = C:\Program Files\Common Files
# automatic
+D = $(patsubst %/,%,$(patsubst %\,%,$(dir $+)))
# makefile (from 'Makefile', line 1)
MAKEFILE_LIST := Makefile
# automatic
@F = $(notdir $@)
# environment
VSCODE_VERBOSE_LOGGING = true
# environment
VSCODE_PID = 7500
# automatic
?D = $(patsubst %/,%,$(patsubst %\,%,$(dir $?)))
# environment
WT_PROFILE_ID = {574e775e-4f2a-5b96-ac1e-a2962a402336}
# automatic
*F = $(notdir $*)
# automatic
<D = $(patsubst %/,%,$(patsubst %\,%,$(dir $<)))
# environment
VSCODE_NLS_CONFIG = {"locale":"en-us","availableLanguages":{},"_languagePackSupport":true}
# environment
POSH_GIT_ENABLED = False
# default
MAKE_HOST := Windows32
# environment
PROGRAMDATA = C:\ProgramData
# default
SHELL := sh.exe
# environment
HOMEPATH = \Users\thomi
# default
MAKECMDGOALS := all
# environment
DRIVERDATA = C:\Windows\System32\Drivers\DriverData
# environment
COMSPEC = C:\Windows\system32\cmd.exe
# environment
WINDIR = C:\Windows
# environment
MAKELEVEL := 0
# default
MAKE = $(MAKE_COMMAND)
# environment
PATH = C:\Program Files\PowerShell\7;C:\Program Files (x86)\Common Files\Intel\Shared Libraries\redist\intel64\compiler;C:\Windows\system32;C:\Windows;C:\Windows\System32\Wbem;C:\Windows\System32\WindowsPowerShell\v1.0\;C:\Windows\System32\OpenSSH\;C:\Program Files\NVIDIA Corporation\NVIDIA NvDLISR;C:\Program Files (x86)\NVIDIA Corporation\PhysX\Common;C:\Users\thomi\scoop\apps\python\3.10.0\Scripts;C:\Program Files\PowerShell\7\;C:\Users\thomi\scoop\apps\vscode\current\bin;C:\Users\thomi\scoop\apps\composer\current\home\vendor\bin;C:\Users\thomi\scoop\apps\nodejs-lts\current\bin;C:\Users\thomi\scoop\apps\nodejs-lts\current;C:\Users\thomi\scoop\apps\openjdk17\current\bin;C:\Users\thomi\scoop\apps\gcc\current\bin;C:\Users\thomi\scoop\apps\latex\current\texmfs\install\miktex\bin\x64;C:\Users\thomi\scoop\apps\python\current\Scripts;C:\Users\thomi\scoop\apps\python\current;C:\Users\thomi\scoop\apps\openjdk15\current\bin;C:\Users\thomi\scoop\shims;C:\Users\thomi\AppData\Local\Microsoft\WindowsApps;C:\Users\thomi\AppData\Local\Yarn\Data\global\node_modules\.bin;C:\Users\thomi\scoop\apps\hyper\3.2.0\resources\bin;C:\Program Files\JetBrains\IntelliJ IDEA 2022.1\bin
# environment
COMPUTERNAME = THOMIADITYA
# default
MAKEFILES := 
# automatic
^F = $(notdir $^)
# environment
PROMPT = $P$G
# environment
INTELLIJ IDEA = C:\Program Files\JetBrains\IntelliJ IDEA 2022.1\bin;
# environment
WT_SESSION = 81064b06-8ad9-4a31-9e07-d11b90ed298f
# environment
LOGONSERVER = \\THOMIADITYA
# environment
VSCODE_LOG_NATIVE = false
# environment
USERNAME = thomi
# environment
COMMONPROGRAMFILES = C:\Program Files (x86)\Common Files
# automatic
?F = $(notdir $?)
# environment
PROGRAMW6432 = C:\Program Files
# environment
PATHEXT = .COM;.EXE;.BAT;.CMD;.VBS;.VBE;.JS;.JSE;.WSF;.WSH;.MSC;.CPL
# automatic
+F = $(notdir $+)
# environment
ORIGINAL_XDG_CURRENT_DESKTOP = undefined
# environment
USERDOMAIN = THOMIADITYA
# environment
GNUMAKEFLAGS := 
# environment
OS = Windows_NT
# environment
PHP_INI_SCAN_DIR = C:\Users\thomi\scoop\apps\php\current\cli;C:\Users\thomi\scoop\apps\php\current\cli\conf.d;
# environment
COMPOSER_HOME = C:\Users\thomi\scoop\persist\composer\home
# environment
VSCODE_PORTABLE = C:\Users\thomi\scoop\apps\vscode\1.67.1\data
# makefile
.DEFAULT_GOAL := init
# default
MAKE_VERSION := 4.3
# environment
PROGRAMFILES(X86) = C:\Program Files (x86)
# environment
USERDOMAIN_ROAMINGPROFILE = THOMIADITYA
# environment
NUMBER_OF_PROCESSORS = 4
# environment
PUBLIC = C:\Users\Public
# environment
APPDATA = C:\Users\thomi\AppData\Roaming
# environment
HOMEDRIVE = C:
# environment
PROCESSOR_ARCHITECTURE = x86
# environment
CPLUS_INCLUDE_PATH = C:\Users\thomi\scoop\apps\gcc\current\include
# environment
VSCODE_AMD_ENTRYPOINT = vs/workbench/api/node/extensionHostProcess
# environment
COMMONPROGRAMFILES(X86) = C:\Program Files (x86)\Common Files
# environment
ELECTRON_RUN_AS_NODE = 1
# environment
TEMP = C:\Users\thomi\AppData\Local\Temp
# environment
VSCODE_IPC_HOOK = \\.\pipe\b48a61f48de870025b0e96eb52721b53-1.67.1-main-sock
# default
.RECIPEPREFIX := 
# automatic
<F = $(notdir $<)
# default
SUFFIXES := 
# environment
ALLUSERSPROFILE = C:\ProgramData
# environment
VSCODE_CLI = 1
# environment
ELECTRON_NO_ATTACH_CONSOLE = 1
# default
.FEATURES := target-specific order-only second-expansion else-if shortest-stem undefine oneshell nocomment grouped-target extra-prereqs archives jobserver output-sync load
# environment
MIC_LD_LIBRARY_PATH = C:\Program Files (x86)\Common Files\Intel\Shared Libraries\compiler\lib\mic
# environment
PROCESSOR_REVISION = 3c03
# environment
PROCESSOR_IDENTIFIER = Intel64 Family 6 Model 60 Stepping 3, GenuineIntel
# variable set hash-table stats:
# Load=113/1024=11%, Rehash=0, Collisions=8/123=7%

# Pattern-specific Variable Values

# No pattern-specific variable values.

# Directories

# . (key g:/all-project/theia, mtime 1652887564): 19 files, no impossibilities.

# 19 files, no impossibilities in 1 directories.

# Implicit Rules

# No implicit rules.

# Files

# Not a target:
Makefile:
#  Implicit rule search has not been done.
#  Modification time never checked.
#  File has not been updated.

# Not a target:
.DEFAULT:
#  Implicit rule search has not been done.
#  Modification time never checked.
#  File has not been updated.

init:
#  Implicit rule search has not been done.
#  Modification time never checked.
#  File has not been updated.

# Not a target:
all:
#  Command line target.
#  Implicit rule search has not been done.
#  Modification time never checked.
#  File has not been updated.

# files hash-table stats:
# Load=5/1024=0%, Rehash=0, Collisions=0/6=0%
# VPATH Search Paths

# No 'vpath' search paths.

# No general ('VPATH' variable) search path.

# strcache buffers: 1 (0) / strings = 23 / storage = 173 B / avg = 7 B
# current buf: size = 8174 B / used = 173 B / count = 23 / avg = 7 B

# strcache performance: lookups = 28 / hit rate = 17%
# hash-table stats:
# Load=23/8192=0%, Rehash=0, Collisions=0/28=0%
# Finished Make data base on Wed May 18 22:26:05 2022

 
